
=== Wed Mar 25 11:02:43 2026

Packages were changed.
Update Mode: updateDependencies

The following packages were added:
  com.unity.ai.navigation@1.1.6
The following packages were updated:
  com.unity.2d.animation from version 5.0.3 to 9.2.0
  com.unity.2d.pixel-perfect from version 4.0.1 to 5.1.0
  com.unity.2d.psdimporter from version 4.0.2 to 8.1.0
  com.unity.2d.spriteshape from version 5.1.0 to 9.1.0
  com.unity.collab-proxy from version 1.3.9 to 2.7.1
  com.unity.ide.rider from version 2.0.7 to 3.0.36
  com.unity.ide.visualstudio from version 2.0.5 to 2.0.22
  com.unity.ide.vscode from version 1.2.3 to 1.2.5
  com.unity.test-framework from version 1.1.19 to 1.1.33
  com.unity.textmeshpro from version 3.0.1 to 3.0.7
  com.unity.timeline from version 1.4.4 to 1.7.7

=== Wed Mar 25 11:51:09 2026

Packages were changed.
Update Mode: updateDependencies

The following packages were added:
  com.unity.ai.navigation@1.1.6
The following packages were updated:
  com.unity.2d.animation from version 5.0.3 to 9.2.0
  com.unity.2d.pixel-perfect from version 4.0.1 to 5.1.0
  com.unity.2d.psdimporter from version 4.0.2 to 8.1.0
  com.unity.2d.spriteshape from version 5.1.0 to 9.1.0
  com.unity.collab-proxy from version 1.3.9 to 2.7.1
  com.unity.ide.rider from version 2.0.7 to 3.0.36
  com.unity.ide.visualstudio from version 2.0.5 to 2.0.22
  com.unity.ide.vscode from version 1.2.3 to 1.2.5
  com.unity.test-framework from version 1.1.19 to 1.1.33
  com.unity.textmeshpro from version 3.0.1 to 3.0.7
  com.unity.timeline from version 1.4.4 to 1.7.7
